Autosaving every 5 seconds
cuda
Wed Oct 11 05:48:22 2023       
+---------------------------------------------------------------------------------------+
| NVIDIA-SMI 535.86.05              Driver Version: 535.86.05    CUDA Version: 12.2     |
|-----------------------------------------+----------------------+----------------------+
| GPU  Name                 Persistence-M | Bus-Id        Disp.A | Volatile Uncorr. ECC |
| Fan  Temp   Perf          Pwr:Usage/Cap |         Memory-Usage | GPU-Util  Compute M. |
|                                         |                      |               MIG M. |
|=========================================+======================+======================|
|   0  NVIDIA GeForce RTX 4090        On  | 00000000:B1:00.0 Off |                  Off |
|  0%   36C    P8              20W / 450W |      6MiB / 24564MiB |      0%      Default |
|                                         |                      |                  N/A |
+-----------------------------------------+----------------------+----------------------+
|   1  NVIDIA GeForce RTX 4090        On  | 00000000:B7:00.0 Off |                  Off |
|  0%   35C    P8              27W / 450W |      6MiB / 24564MiB |      0%      Default |
|                                         |                      |                  N/A |
+-----------------------------------------+----------------------+----------------------+
                                                                                         
+---------------------------------------------------------------------------------------+
| Processes:                                                                            |
|  GPU   GI   CI        PID   Type   Process name                            GPU Memory |
|        ID   ID                                                             Usage      |
|=======================================================================================|
|  No running processes found                                                           |
+---------------------------------------------------------------------------------------+
Emotions:  [2. 1. 3. 0.]
Emotion ID:  [2. 1. 3. 0.]
Autosaving every 5 seconds
cuda
Wed Oct 11 05:49:10 2023       
+---------------------------------------------------------------------------------------+
| NVIDIA-SMI 535.86.05              Driver Version: 535.86.05    CUDA Version: 12.2     |
|-----------------------------------------+----------------------+----------------------+
| GPU  Name                 Persistence-M | Bus-Id        Disp.A | Volatile Uncorr. ECC |
| Fan  Temp   Perf          Pwr:Usage/Cap |         Memory-Usage | GPU-Util  Compute M. |
|                                         |                      |               MIG M. |
|=========================================+======================+======================|
|   0  NVIDIA GeForce RTX 4090        On  | 00000000:B1:00.0 Off |                  Off |
|  0%   36C    P8              20W / 450W |      6MiB / 24564MiB |      0%      Default |
|                                         |                      |                  N/A |
+-----------------------------------------+----------------------+----------------------+
|   1  NVIDIA GeForce RTX 4090        On  | 00000000:B7:00.0 Off |                  Off |
|  0%   35C    P8              27W / 450W |      6MiB / 24564MiB |      0%      Default |
|                                         |                      |                  N/A |
+-----------------------------------------+----------------------+----------------------+
                                                                                         
+---------------------------------------------------------------------------------------+
| Processes:                                                                            |
|  GPU   GI   CI        PID   Type   Process name                            GPU Memory |
|        ID   ID                                                             Usage      |
|=======================================================================================|
|  No running processes found                                                           |
+---------------------------------------------------------------------------------------+
Emotions:  [2. 1. 3. 0.]
Emotion ID:  [2. 1. 3. 0.]
Autosaving every 5 seconds
cuda
Wed Oct 11 05:50:47 2023       
+---------------------------------------------------------------------------------------+
| NVIDIA-SMI 535.86.05              Driver Version: 535.86.05    CUDA Version: 12.2     |
|-----------------------------------------+----------------------+----------------------+
| GPU  Name                 Persistence-M | Bus-Id        Disp.A | Volatile Uncorr. ECC |
| Fan  Temp   Perf          Pwr:Usage/Cap |         Memory-Usage | GPU-Util  Compute M. |
|                                         |                      |               MIG M. |
|=========================================+======================+======================|
|   0  NVIDIA GeForce RTX 4090        On  | 00000000:B1:00.0 Off |                  Off |
|  0%   36C    P8              20W / 450W |      6MiB / 24564MiB |      0%      Default |
|                                         |                      |                  N/A |
+-----------------------------------------+----------------------+----------------------+
|   1  NVIDIA GeForce RTX 4090        On  | 00000000:B7:00.0 Off |                  Off |
|  0%   35C    P8              27W / 450W |      6MiB / 24564MiB |      0%      Default |
|                                         |                      |                  N/A |
+-----------------------------------------+----------------------+----------------------+
                                                                                         
+---------------------------------------------------------------------------------------+
| Processes:                                                                            |
|  GPU   GI   CI        PID   Type   Process name                            GPU Memory |
|        ID   ID                                                             Usage      |
|=======================================================================================|
|  No running processes found                                                           |
+---------------------------------------------------------------------------------------+
Emotions:  [2. 1. 3. 0.]
Emotion ID:  [2. 1. 3. 0.]
Autosaving every 5 seconds
cuda
Wed Oct 11 05:53:08 2023       
+---------------------------------------------------------------------------------------+
| NVIDIA-SMI 535.86.05              Driver Version: 535.86.05    CUDA Version: 12.2     |
|-----------------------------------------+----------------------+----------------------+
| GPU  Name                 Persistence-M | Bus-Id        Disp.A | Volatile Uncorr. ECC |
| Fan  Temp   Perf          Pwr:Usage/Cap |         Memory-Usage | GPU-Util  Compute M. |
|                                         |                      |               MIG M. |
|=========================================+======================+======================|
|   0  NVIDIA GeForce RTX 4090        On  | 00000000:B1:00.0 Off |                  Off |
|  0%   36C    P8              20W / 450W |      6MiB / 24564MiB |      0%      Default |
|                                         |                      |                  N/A |
+-----------------------------------------+----------------------+----------------------+
|   1  NVIDIA GeForce RTX 4090        On  | 00000000:B7:00.0 Off |                  Off |
|  0%   35C    P8              27W / 450W |      6MiB / 24564MiB |      0%      Default |
|                                         |                      |                  N/A |
+-----------------------------------------+----------------------+----------------------+
                                                                                         
+---------------------------------------------------------------------------------------+
| Processes:                                                                            |
|  GPU   GI   CI        PID   Type   Process name                            GPU Memory |
|        ID   ID                                                             Usage      |
|=======================================================================================|
|  No running processes found                                                           |
+---------------------------------------------------------------------------------------+
Emotions:  [2. 1. 3. 0.]
Emotion ID:  [2. 1. 3. 0.]
/tmp/ipykernel_1555/2045406116.py:17: FutureWarning: load_metric is deprecated and will be removed in the next major version of datasets. Use 'evaluate.load' instead, from the new library 🤗 Evaluate: https://huggingface.co/docs/evaluate
  metric_f1 = load_metric("f1")
Could not estimate the number of tokens of the input, floating-point operations will not be computed
Autosaving every 5 seconds
cuda
Wed Oct 11 05:59:28 2023       
+---------------------------------------------------------------------------------------+
| NVIDIA-SMI 535.86.05              Driver Version: 535.86.05    CUDA Version: 12.2     |
|-----------------------------------------+----------------------+----------------------+
| GPU  Name                 Persistence-M | Bus-Id        Disp.A | Volatile Uncorr. ECC |
| Fan  Temp   Perf          Pwr:Usage/Cap |         Memory-Usage | GPU-Util  Compute M. |
|                                         |                      |               MIG M. |
|=========================================+======================+======================|
|   0  NVIDIA GeForce RTX 4090        On  | 00000000:B1:00.0 Off |                  Off |
| 62%   42C    P8              23W / 450W |      6MiB / 24564MiB |      0%      Default |
|                                         |                      |                  N/A |
+-----------------------------------------+----------------------+----------------------+
|   1  NVIDIA GeForce RTX 4090        On  | 00000000:B7:00.0 Off |                  Off |
| 62%   42C    P8              28W / 450W |      6MiB / 24564MiB |      0%      Default |
|                                         |                      |                  N/A |
+-----------------------------------------+----------------------+----------------------+
                                                                                         
+---------------------------------------------------------------------------------------+
| Processes:                                                                            |
|  GPU   GI   CI        PID   Type   Process name                            GPU Memory |
|        ID   ID                                                             Usage      |
|=======================================================================================|
|  No running processes found                                                           |
+---------------------------------------------------------------------------------------+
Emotions:  [2. 1. 3. 0.]
Emotion ID:  [2. 1. 3. 0.]
/tmp/ipykernel_4435/2045406116.py:17: FutureWarning: load_metric is deprecated and will be removed in the next major version of datasets. Use 'evaluate.load' instead, from the new library 🤗 Evaluate: https://huggingface.co/docs/evaluate
  metric_f1 = load_metric("f1")
Could not estimate the number of tokens of the input, floating-point operations will not be computed
Autosaving every 5 seconds
cuda
Wed Oct 11 06:00:40 2023       
+---------------------------------------------------------------------------------------+
| NVIDIA-SMI 535.86.05              Driver Version: 535.86.05    CUDA Version: 12.2     |
|-----------------------------------------+----------------------+----------------------+
| GPU  Name                 Persistence-M | Bus-Id        Disp.A | Volatile Uncorr. ECC |
| Fan  Temp   Perf          Pwr:Usage/Cap |         Memory-Usage | GPU-Util  Compute M. |
|                                         |                      |               MIG M. |
|=========================================+======================+======================|
|   0  NVIDIA GeForce RTX 4090        On  | 00000000:B1:00.0 Off |                  Off |
| 62%   41C    P8              22W / 450W |      6MiB / 24564MiB |      0%      Default |
|                                         |                      |                  N/A |
+-----------------------------------------+----------------------+----------------------+
|   1  NVIDIA GeForce RTX 4090        On  | 00000000:B7:00.0 Off |                  Off |
| 61%   41C    P8              28W / 450W |      6MiB / 24564MiB |      0%      Default |
|                                         |                      |                  N/A |
+-----------------------------------------+----------------------+----------------------+
                                                                                         
+---------------------------------------------------------------------------------------+
| Processes:                                                                            |
|  GPU   GI   CI        PID   Type   Process name                            GPU Memory |
|        ID   ID                                                             Usage      |
|=======================================================================================|
|  No running processes found                                                           |
+---------------------------------------------------------------------------------------+
Emotions:  [2. 1. 3. 0.]
Emotion ID:  [2. 1. 3. 0.]
/tmp/ipykernel_4969/2045406116.py:17: FutureWarning: load_metric is deprecated and will be removed in the next major version of datasets. Use 'evaluate.load' instead, from the new library 🤗 Evaluate: https://huggingface.co/docs/evaluate
  metric_f1 = load_metric("f1")
Could not estimate the number of tokens of the input, floating-point operations will not be computed
Autosaving every 5 seconds
cuda
Wed Oct 11 06:11:14 2023       
+---------------------------------------------------------------------------------------+
| NVIDIA-SMI 535.86.05              Driver Version: 535.86.05    CUDA Version: 12.2     |
|-----------------------------------------+----------------------+----------------------+
| GPU  Name                 Persistence-M | Bus-Id        Disp.A | Volatile Uncorr. ECC |
| Fan  Temp   Perf          Pwr:Usage/Cap |         Memory-Usage | GPU-Util  Compute M. |
|                                         |                      |               MIG M. |
|=========================================+======================+======================|
|   0  NVIDIA GeForce RTX 4090        On  | 00000000:B1:00.0 Off |                  Off |
|  0%   41C    P8              20W / 450W |      6MiB / 24564MiB |      0%      Default |
|                                         |                      |                  N/A |
+-----------------------------------------+----------------------+----------------------+
|   1  NVIDIA GeForce RTX 4090        On  | 00000000:B7:00.0 Off |                  Off |
|  0%   41C    P8              26W / 450W |      6MiB / 24564MiB |      0%      Default |
|                                         |                      |                  N/A |
+-----------------------------------------+----------------------+----------------------+
                                                                                         
+---------------------------------------------------------------------------------------+
| Processes:                                                                            |
|  GPU   GI   CI        PID   Type   Process name                            GPU Memory |
|        ID   ID                                                             Usage      |
|=======================================================================================|
|  No running processes found                                                           |
+---------------------------------------------------------------------------------------+
Emotions:  [2. 1. 3. 0.]
Emotion ID:  [2. 1. 3. 0.]
/tmp/ipykernel_9646/2045406116.py:17: FutureWarning: load_metric is deprecated and will be removed in the next major version of datasets. Use 'evaluate.load' instead, from the new library 🤗 Evaluate: https://huggingface.co/docs/evaluate
  metric_f1 = load_metric("f1")
Could not estimate the number of tokens of the input, floating-point operations will not be computed
Autosaving every 5 seconds
cuda
Wed Oct 11 06:12:17 2023       
+---------------------------------------------------------------------------------------+
| NVIDIA-SMI 535.86.05              Driver Version: 535.86.05    CUDA Version: 12.2     |
|-----------------------------------------+----------------------+----------------------+
| GPU  Name                 Persistence-M | Bus-Id        Disp.A | Volatile Uncorr. ECC |
| Fan  Temp   Perf          Pwr:Usage/Cap |         Memory-Usage | GPU-Util  Compute M. |
|                                         |                      |               MIG M. |
|=========================================+======================+======================|
|   0  NVIDIA GeForce RTX 4090        On  | 00000000:B1:00.0 Off |                  Off |
|  0%   41C    P8              22W / 450W |      6MiB / 24564MiB |      0%      Default |
|                                         |                      |                  N/A |
+-----------------------------------------+----------------------+----------------------+
|   1  NVIDIA GeForce RTX 4090        On  | 00000000:B7:00.0 Off |                  Off |
|  0%   40C    P8              26W / 450W |      6MiB / 24564MiB |      0%      Default |
|                                         |                      |                  N/A |
+-----------------------------------------+----------------------+----------------------+
                                                                                         
+---------------------------------------------------------------------------------------+
| Processes:                                                                            |
|  GPU   GI   CI        PID   Type   Process name                            GPU Memory |
|        ID   ID                                                             Usage      |
|=======================================================================================|
|  No running processes found                                                           |
+---------------------------------------------------------------------------------------+
Emotions:  [2. 1. 3. 0.]
Emotion ID:  [2. 1. 3. 0.]
/tmp/ipykernel_10176/2045406116.py:17: FutureWarning: load_metric is deprecated and will be removed in the next major version of datasets. Use 'evaluate.load' instead, from the new library 🤗 Evaluate: https://huggingface.co/docs/evaluate
  metric_f1 = load_metric("f1")
Could not estimate the number of tokens of the input, floating-point operations will not be computed
Autosaving every 5 seconds
cuda
Wed Oct 11 06:14:25 2023       
+---------------------------------------------------------------------------------------+
| NVIDIA-SMI 535.86.05              Driver Version: 535.86.05    CUDA Version: 12.2     |
|-----------------------------------------+----------------------+----------------------+
| GPU  Name                 Persistence-M | Bus-Id        Disp.A | Volatile Uncorr. ECC |
| Fan  Temp   Perf          Pwr:Usage/Cap |         Memory-Usage | GPU-Util  Compute M. |
|                                         |                      |               MIG M. |
|=========================================+======================+======================|
|   0  NVIDIA GeForce RTX 4090        On  | 00000000:B1:00.0 Off |                  Off |
| 73%   66C    P2             363W / 450W |  23662MiB / 24564MiB |    100%      Default |
|                                         |                      |                  N/A |
+-----------------------------------------+----------------------+----------------------+
|   1  NVIDIA GeForce RTX 4090        On  | 00000000:B7:00.0 Off |                  Off |
| 73%   66C    P2             366W / 450W |  16672MiB / 24564MiB |     59%      Default |
|                                         |                      |                  N/A |
+-----------------------------------------+----------------------+----------------------+
                                                                                         
+---------------------------------------------------------------------------------------+
| Processes:                                                                            |
|  GPU   GI   CI        PID   Type   Process name                            GPU Memory |
|        ID   ID                                                             Usage      |
|=======================================================================================|
+---------------------------------------------------------------------------------------+
Emotions:  [2. 1. 3. 0.]
Emotion ID:  [2. 1. 3. 0.]
Some weights of BertForSequenceClassification were not initialized from the model checkpoint at bert-base-uncased and are newly initialized: ['classifier.bias', 'classifier.weight']
You should probably TRAIN this model on a down-stream task to be able to use it for predictions and inference.
Requirement already satisfied: pandas in /opt/conda/lib/python3.10/site-packages (2.1.1)
Requirement already satisfied: numpy>=1.22.4 in /opt/conda/lib/python3.10/site-packages (from pandas) (1.26.0)
Requirement already satisfied: python-dateutil>=2.8.2 in /opt/conda/lib/python3.10/site-packages (from pandas) (2.8.2)
Requirement already satisfied: pytz>=2020.1 in /opt/conda/lib/python3.10/site-packages (from pandas) (2023.3.post1)
Requirement already satisfied: tzdata>=2022.1 in /opt/conda/lib/python3.10/site-packages (from pandas) (2023.3)
Requirement already satisfied: six>=1.5 in /opt/conda/lib/python3.10/site-packages (from python-dateutil>=2.8.2->pandas) (1.16.0)
[33mWARNING: Running pip as the 'root' user can result in broken permissions and conflicting behaviour with the system package manager. It is recommended to use a virtual environment instead: https://pip.pypa.io/warnings/venv[0m[33m
[0mRequirement already satisfied: transformers in /opt/conda/lib/python3.10/site-packages (4.34.0)
Requirement already satisfied: filelock in /opt/conda/lib/python3.10/site-packages (from transformers) (3.9.0)
Requirement already satisfied: huggingface-hub<1.0,>=0.16.4 in /opt/conda/lib/python3.10/site-packages (from transformers) (0.17.3)
Requirement already satisfied: numpy>=1.17 in /opt/conda/lib/python3.10/site-packages (from transformers) (1.26.0)
Requirement already satisfied: packaging>=20.0 in /opt/conda/lib/python3.10/site-packages (from transformers) (23.1)
Requirement already satisfied: pyyaml>=5.1 in /opt/conda/lib/python3.10/site-packages (from transformers) (6.0)
Requirement already satisfied: regex!=2019.12.17 in /opt/conda/lib/python3.10/site-packages (from transformers) (2023.10.3)
Requirement already satisfied: requests in /opt/conda/lib/python3.10/site-packages (from transformers) (2.31.0)
Requirement already satisfied: tokenizers<0.15,>=0.14 in /opt/conda/lib/python3.10/site-packages (from transformers) (0.14.1)
Requirement already satisfied: safetensors>=0.3.1 in /opt/conda/lib/python3.10/site-packages (from transformers) (0.4.0)
Requirement already satisfied: tqdm>=4.27 in /opt/conda/lib/python3.10/site-packages (from transformers) (4.65.0)
Requirement already satisfied: fsspec in /opt/conda/lib/python3.10/site-packages (from huggingface-hub<1.0,>=0.16.4->transformers) (2023.6.0)
Requirement already satisfied: typing-extensions>=3.7.4.3 in /opt/conda/lib/python3.10/site-packages (from huggingface-hub<1.0,>=0.16.4->transformers) (4.7.1)
Requirement already satisfied: charset-normalizer<4,>=2 in /opt/conda/lib/python3.10/site-packages (from requests->transformers) (2.0.4)
Requirement already satisfied: idna<4,>=2.5 in /opt/conda/lib/python3.10/site-packages (from requests->transformers) (3.4)
Requirement already satisfied: urllib3<3,>=1.21.1 in /opt/conda/lib/python3.10/site-packages (from requests->transformers) (1.26.16)
Requirement already satisfied: certifi>=2017.4.17 in /opt/conda/lib/python3.10/site-packages (from requests->transformers) (2023.7.22)
[33mWARNING: Running pip as the 'root' user can result in broken permissions and conflicting behaviour with the system package manager. It is recommended to use a virtual environment instead: https://pip.pypa.io/warnings/venv[0m[33m
[0mRequirement already satisfied: accelerate in /opt/conda/lib/python3.10/site-packages (0.23.0)
Requirement already satisfied: numpy>=1.17 in /opt/conda/lib/python3.10/site-packages (from accelerate) (1.26.0)
Requirement already satisfied: packaging>=20.0 in /opt/conda/lib/python3.10/site-packages (from accelerate) (23.1)
Requirement already satisfied: psutil in /opt/conda/lib/python3.10/site-packages (from accelerate) (5.9.0)
Requirement already satisfied: pyyaml in /opt/conda/lib/python3.10/site-packages (from accelerate) (6.0)
Requirement already satisfied: torch>=1.10.0 in /opt/conda/lib/python3.10/site-packages (from accelerate) (2.1.0)
Requirement already satisfied: huggingface-hub in /opt/conda/lib/python3.10/site-packages (from accelerate) (0.17.3)
Requirement already satisfied: filelock in /opt/conda/lib/python3.10/site-packages (from torch>=1.10.0->accelerate) (3.9.0)
Requirement already satisfied: typing-extensions in /opt/conda/lib/python3.10/site-packages (from torch>=1.10.0->accelerate) (4.7.1)
Requirement already satisfied: sympy in /opt/conda/lib/python3.10/site-packages (from torch>=1.10.0->accelerate) (1.11.1)
Requirement already satisfied: networkx in /opt/conda/lib/python3.10/site-packages (from torch>=1.10.0->accelerate) (3.1)
Requirement already satisfied: jinja2 in /opt/conda/lib/python3.10/site-packages (from torch>=1.10.0->accelerate) (3.1.2)
Requirement already satisfied: fsspec in /opt/conda/lib/python3.10/site-packages (from torch>=1.10.0->accelerate) (2023.6.0)
Requirement already satisfied: requests in /opt/conda/lib/python3.10/site-packages (from huggingface-hub->accelerate) (2.31.0)
Requirement already satisfied: tqdm>=4.42.1 in /opt/conda/lib/python3.10/site-packages (from huggingface-hub->accelerate) (4.65.0)
Requirement already satisfied: MarkupSafe>=2.0 in /opt/conda/lib/python3.10/site-packages (from jinja2->torch>=1.10.0->accelerate) (2.1.1)
Requirement already satisfied: charset-normalizer<4,>=2 in /opt/conda/lib/python3.10/site-packages (from requests->huggingface-hub->accelerate) (2.0.4)
Requirement already satisfied: idna<4,>=2.5 in /opt/conda/lib/python3.10/site-packages (from requests->huggingface-hub->accelerate) (3.4)
Requirement already satisfied: urllib3<3,>=1.21.1 in /opt/conda/lib/python3.10/site-packages (from requests->huggingface-hub->accelerate) (1.26.16)
Requirement already satisfied: certifi>=2017.4.17 in /opt/conda/lib/python3.10/site-packages (from requests->huggingface-hub->accelerate) (2023.7.22)
Requirement already satisfied: mpmath>=0.19 in /opt/conda/lib/python3.10/site-packages (from sympy->torch>=1.10.0->accelerate) (1.3.0)
[33mWARNING: Running pip as the 'root' user can result in broken permissions and conflicting behaviour with the system package manager. It is recommended to use a virtual environment instead: https://pip.pypa.io/warnings/venv[0m[33m
[0mRequirement already satisfied: datasets in /opt/conda/lib/python3.10/site-packages (2.14.5)
Requirement already satisfied: numpy>=1.17 in /opt/conda/lib/python3.10/site-packages (from datasets) (1.26.0)
Requirement already satisfied: pyarrow>=8.0.0 in /opt/conda/lib/python3.10/site-packages (from datasets) (13.0.0)
Requirement already satisfied: dill<0.3.8,>=0.3.0 in /opt/conda/lib/python3.10/site-packages (from datasets) (0.3.7)
Requirement already satisfied: pandas in /opt/conda/lib/python3.10/site-packages (from datasets) (2.1.1)
Requirement already satisfied: requests>=2.19.0 in /opt/conda/lib/python3.10/site-packages (from datasets) (2.31.0)
Requirement already satisfied: tqdm>=4.62.1 in /opt/conda/lib/python3.10/site-packages (from datasets) (4.65.0)
Requirement already satisfied: xxhash in /opt/conda/lib/python3.10/site-packages (from datasets) (3.4.1)
Requirement already satisfied: multiprocess in /opt/conda/lib/python3.10/site-packages (from datasets) (0.70.15)
Requirement already satisfied: fsspec[http]<2023.9.0,>=2023.1.0 in /opt/conda/lib/python3.10/site-packages (from datasets) (2023.6.0)
Requirement already satisfied: aiohttp in /opt/conda/lib/python3.10/site-packages (from datasets) (3.8.6)
Requirement already satisfied: huggingface-hub<1.0.0,>=0.14.0 in /opt/conda/lib/python3.10/site-packages (from datasets) (0.17.3)
Requirement already satisfied: packaging in /opt/conda/lib/python3.10/site-packages (from datasets) (23.1)
Requirement already satisfied: pyyaml>=5.1 in /opt/conda/lib/python3.10/site-packages (from datasets) (6.0)
Requirement already satisfied: attrs>=17.3.0 in /opt/conda/lib/python3.10/site-packages (from aiohttp->datasets) (23.1.0)
Requirement already satisfied: charset-normalizer<4.0,>=2.0 in /opt/conda/lib/python3.10/site-packages (from aiohttp->datasets) (2.0.4)
Requirement already satisfied: multidict<7.0,>=4.5 in /opt/conda/lib/python3.10/site-packages (from aiohttp->datasets) (6.0.4)
Requirement already satisfied: async-timeout<5.0,>=4.0.0a3 in /opt/conda/lib/python3.10/site-packages (from aiohttp->datasets) (4.0.3)
Requirement already satisfied: yarl<2.0,>=1.0 in /opt/conda/lib/python3.10/site-packages (from aiohttp->datasets) (1.9.2)
Requirement already satisfied: frozenlist>=1.1.1 in /opt/conda/lib/python3.10/site-packages (from aiohttp->datasets) (1.4.0)
Requirement already satisfied: aiosignal>=1.1.2 in /opt/conda/lib/python3.10/site-packages (from aiohttp->datasets) (1.3.1)
Requirement already satisfied: filelock in /opt/conda/lib/python3.10/site-packages (from huggingface-hub<1.0.0,>=0.14.0->datasets) (3.9.0)
Requirement already satisfied: typing-extensions>=3.7.4.3 in /opt/conda/lib/python3.10/site-packages (from huggingface-hub<1.0.0,>=0.14.0->datasets) (4.7.1)
Requirement already satisfied: idna<4,>=2.5 in /opt/conda/lib/python3.10/site-packages (from requests>=2.19.0->datasets) (3.4)
Requirement already satisfied: urllib3<3,>=1.21.1 in /opt/conda/lib/python3.10/site-packages (from requests>=2.19.0->datasets) (1.26.16)
Requirement already satisfied: certifi>=2017.4.17 in /opt/conda/lib/python3.10/site-packages (from requests>=2.19.0->datasets) (2023.7.22)
Requirement already satisfied: python-dateutil>=2.8.2 in /opt/conda/lib/python3.10/site-packages (from pandas->datasets) (2.8.2)
Requirement already satisfied: pytz>=2020.1 in /opt/conda/lib/python3.10/site-packages (from pandas->datasets) (2023.3.post1)
Requirement already satisfied: tzdata>=2022.1 in /opt/conda/lib/python3.10/site-packages (from pandas->datasets) (2023.3)
Requirement already satisfied: six>=1.5 in /opt/conda/lib/python3.10/site-packages (from python-dateutil>=2.8.2->pandas->datasets) (1.16.0)
[33mWARNING: Running pip as the 'root' user can result in broken permissions and conflicting behaviour with the system package manager. It is recommended to use a virtual environment instead: https://pip.pypa.io/warnings/venv[0m[33m
[0mRequirement already satisfied: scikit-learn in /opt/conda/lib/python3.10/site-packages (1.3.1)
Requirement already satisfied: numpy<2.0,>=1.17.3 in /opt/conda/lib/python3.10/site-packages (from scikit-learn) (1.26.0)
Requirement already satisfied: scipy>=1.5.0 in /opt/conda/lib/python3.10/site-packages (from scikit-learn) (1.11.3)
Requirement already satisfied: joblib>=1.1.1 in /opt/conda/lib/python3.10/site-packages (from scikit-learn) (1.3.2)
Requirement already satisfied: threadpoolctl>=2.0.0 in /opt/conda/lib/python3.10/site-packages (from scikit-learn) (3.2.0)
[33mWARNING: Running pip as the 'root' user can result in broken permissions and conflicting behaviour with the system package manager. It is recommended to use a virtual environment instead: https://pip.pypa.io/warnings/venv[0m[33m
[0mAutosaving every 5 seconds
cuda
Wed Oct 11 06:38:04 2023       
+---------------------------------------------------------------------------------------+
| NVIDIA-SMI 535.86.05              Driver Version: 535.86.05    CUDA Version: 12.2     |
|-----------------------------------------+----------------------+----------------------+
| GPU  Name                 Persistence-M | Bus-Id        Disp.A | Volatile Uncorr. ECC |
| Fan  Temp   Perf          Pwr:Usage/Cap |         Memory-Usage | GPU-Util  Compute M. |
|                                         |                      |               MIG M. |
|=========================================+======================+======================|
|   0  NVIDIA GeForce RTX 4090        On  | 00000000:B1:00.0 Off |                  Off |
| 65%   44C    P8              23W / 450W |  24135MiB / 24564MiB |      0%      Default |
|                                         |                      |                  N/A |
+-----------------------------------------+----------------------+----------------------+
|   1  NVIDIA GeForce RTX 4090        On  | 00000000:B7:00.0 Off |                  Off |
| 65%   44C    P8              29W / 450W |  16672MiB / 24564MiB |      0%      Default |
|                                         |                      |                  N/A |
+-----------------------------------------+----------------------+----------------------+
                                                                                         
+---------------------------------------------------------------------------------------+
| Processes:                                                                            |
|  GPU   GI   CI        PID   Type   Process name                            GPU Memory |
|        ID   ID                                                             Usage      |
|=======================================================================================|
+---------------------------------------------------------------------------------------+
Emotions:  [2. 1. 3. 0.]
Emotion ID:  [2. 1. 3. 0.]
Requirement already satisfied: pandas in /opt/conda/lib/python3.10/site-packages (2.1.1)
Requirement already satisfied: numpy>=1.22.4 in /opt/conda/lib/python3.10/site-packages (from pandas) (1.26.0)
Requirement already satisfied: python-dateutil>=2.8.2 in /opt/conda/lib/python3.10/site-packages (from pandas) (2.8.2)
Requirement already satisfied: pytz>=2020.1 in /opt/conda/lib/python3.10/site-packages (from pandas) (2023.3.post1)
Requirement already satisfied: tzdata>=2022.1 in /opt/conda/lib/python3.10/site-packages (from pandas) (2023.3)
Requirement already satisfied: six>=1.5 in /opt/conda/lib/python3.10/site-packages (from python-dateutil>=2.8.2->pandas) (1.16.0)
[33mWARNING: Running pip as the 'root' user can result in broken permissions and conflicting behaviour with the system package manager. It is recommended to use a virtual environment instead: https://pip.pypa.io/warnings/venv[0m[33m
[0mRequirement already satisfied: transformers in /opt/conda/lib/python3.10/site-packages (4.34.0)
Requirement already satisfied: filelock in /opt/conda/lib/python3.10/site-packages (from transformers) (3.9.0)
Requirement already satisfied: huggingface-hub<1.0,>=0.16.4 in /opt/conda/lib/python3.10/site-packages (from transformers) (0.17.3)
Requirement already satisfied: numpy>=1.17 in /opt/conda/lib/python3.10/site-packages (from transformers) (1.26.0)
Requirement already satisfied: packaging>=20.0 in /opt/conda/lib/python3.10/site-packages (from transformers) (23.1)
Requirement already satisfied: pyyaml>=5.1 in /opt/conda/lib/python3.10/site-packages (from transformers) (6.0)
Requirement already satisfied: regex!=2019.12.17 in /opt/conda/lib/python3.10/site-packages (from transformers) (2023.10.3)
Requirement already satisfied: requests in /opt/conda/lib/python3.10/site-packages (from transformers) (2.31.0)
Requirement already satisfied: tokenizers<0.15,>=0.14 in /opt/conda/lib/python3.10/site-packages (from transformers) (0.14.1)
Requirement already satisfied: safetensors>=0.3.1 in /opt/conda/lib/python3.10/site-packages (from transformers) (0.4.0)
Requirement already satisfied: tqdm>=4.27 in /opt/conda/lib/python3.10/site-packages (from transformers) (4.65.0)
Requirement already satisfied: fsspec in /opt/conda/lib/python3.10/site-packages (from huggingface-hub<1.0,>=0.16.4->transformers) (2023.6.0)
Requirement already satisfied: typing-extensions>=3.7.4.3 in /opt/conda/lib/python3.10/site-packages (from huggingface-hub<1.0,>=0.16.4->transformers) (4.7.1)
Requirement already satisfied: charset-normalizer<4,>=2 in /opt/conda/lib/python3.10/site-packages (from requests->transformers) (2.0.4)
Requirement already satisfied: idna<4,>=2.5 in /opt/conda/lib/python3.10/site-packages (from requests->transformers) (3.4)
Requirement already satisfied: urllib3<3,>=1.21.1 in /opt/conda/lib/python3.10/site-packages (from requests->transformers) (1.26.16)
Requirement already satisfied: certifi>=2017.4.17 in /opt/conda/lib/python3.10/site-packages (from requests->transformers) (2023.7.22)
[33mWARNING: Running pip as the 'root' user can result in broken permissions and conflicting behaviour with the system package manager. It is recommended to use a virtual environment instead: https://pip.pypa.io/warnings/venv[0m[33m
[0mRequirement already satisfied: accelerate in /opt/conda/lib/python3.10/site-packages (0.23.0)
Requirement already satisfied: numpy>=1.17 in /opt/conda/lib/python3.10/site-packages (from accelerate) (1.26.0)
Requirement already satisfied: packaging>=20.0 in /opt/conda/lib/python3.10/site-packages (from accelerate) (23.1)
Requirement already satisfied: psutil in /opt/conda/lib/python3.10/site-packages (from accelerate) (5.9.0)
Requirement already satisfied: pyyaml in /opt/conda/lib/python3.10/site-packages (from accelerate) (6.0)
Requirement already satisfied: torch>=1.10.0 in /opt/conda/lib/python3.10/site-packages (from accelerate) (2.1.0)
Requirement already satisfied: huggingface-hub in /opt/conda/lib/python3.10/site-packages (from accelerate) (0.17.3)
Requirement already satisfied: filelock in /opt/conda/lib/python3.10/site-packages (from torch>=1.10.0->accelerate) (3.9.0)
Requirement already satisfied: typing-extensions in /opt/conda/lib/python3.10/site-packages (from torch>=1.10.0->accelerate) (4.7.1)
Requirement already satisfied: sympy in /opt/conda/lib/python3.10/site-packages (from torch>=1.10.0->accelerate) (1.11.1)
Requirement already satisfied: networkx in /opt/conda/lib/python3.10/site-packages (from torch>=1.10.0->accelerate) (3.1)
Requirement already satisfied: jinja2 in /opt/conda/lib/python3.10/site-packages (from torch>=1.10.0->accelerate) (3.1.2)
Requirement already satisfied: fsspec in /opt/conda/lib/python3.10/site-packages (from torch>=1.10.0->accelerate) (2023.6.0)
Requirement already satisfied: requests in /opt/conda/lib/python3.10/site-packages (from huggingface-hub->accelerate) (2.31.0)
Requirement already satisfied: tqdm>=4.42.1 in /opt/conda/lib/python3.10/site-packages (from huggingface-hub->accelerate) (4.65.0)
Requirement already satisfied: MarkupSafe>=2.0 in /opt/conda/lib/python3.10/site-packages (from jinja2->torch>=1.10.0->accelerate) (2.1.1)
Requirement already satisfied: charset-normalizer<4,>=2 in /opt/conda/lib/python3.10/site-packages (from requests->huggingface-hub->accelerate) (2.0.4)
Requirement already satisfied: idna<4,>=2.5 in /opt/conda/lib/python3.10/site-packages (from requests->huggingface-hub->accelerate) (3.4)
Requirement already satisfied: urllib3<3,>=1.21.1 in /opt/conda/lib/python3.10/site-packages (from requests->huggingface-hub->accelerate) (1.26.16)
Requirement already satisfied: certifi>=2017.4.17 in /opt/conda/lib/python3.10/site-packages (from requests->huggingface-hub->accelerate) (2023.7.22)
Requirement already satisfied: mpmath>=0.19 in /opt/conda/lib/python3.10/site-packages (from sympy->torch>=1.10.0->accelerate) (1.3.0)
[33mWARNING: Running pip as the 'root' user can result in broken permissions and conflicting behaviour with the system package manager. It is recommended to use a virtual environment instead: https://pip.pypa.io/warnings/venv[0m[33m
[0mRequirement already satisfied: datasets in /opt/conda/lib/python3.10/site-packages (2.14.5)
Requirement already satisfied: numpy>=1.17 in /opt/conda/lib/python3.10/site-packages (from datasets) (1.26.0)
Requirement already satisfied: pyarrow>=8.0.0 in /opt/conda/lib/python3.10/site-packages (from datasets) (13.0.0)
Requirement already satisfied: dill<0.3.8,>=0.3.0 in /opt/conda/lib/python3.10/site-packages (from datasets) (0.3.7)
Requirement already satisfied: pandas in /opt/conda/lib/python3.10/site-packages (from datasets) (2.1.1)
Requirement already satisfied: requests>=2.19.0 in /opt/conda/lib/python3.10/site-packages (from datasets) (2.31.0)
Requirement already satisfied: tqdm>=4.62.1 in /opt/conda/lib/python3.10/site-packages (from datasets) (4.65.0)
Requirement already satisfied: xxhash in /opt/conda/lib/python3.10/site-packages (from datasets) (3.4.1)
Requirement already satisfied: multiprocess in /opt/conda/lib/python3.10/site-packages (from datasets) (0.70.15)
Requirement already satisfied: fsspec[http]<2023.9.0,>=2023.1.0 in /opt/conda/lib/python3.10/site-packages (from datasets) (2023.6.0)
Requirement already satisfied: aiohttp in /opt/conda/lib/python3.10/site-packages (from datasets) (3.8.6)
Requirement already satisfied: huggingface-hub<1.0.0,>=0.14.0 in /opt/conda/lib/python3.10/site-packages (from datasets) (0.17.3)
Requirement already satisfied: packaging in /opt/conda/lib/python3.10/site-packages (from datasets) (23.1)
Requirement already satisfied: pyyaml>=5.1 in /opt/conda/lib/python3.10/site-packages (from datasets) (6.0)
Requirement already satisfied: attrs>=17.3.0 in /opt/conda/lib/python3.10/site-packages (from aiohttp->datasets) (23.1.0)
Requirement already satisfied: charset-normalizer<4.0,>=2.0 in /opt/conda/lib/python3.10/site-packages (from aiohttp->datasets) (2.0.4)
Requirement already satisfied: multidict<7.0,>=4.5 in /opt/conda/lib/python3.10/site-packages (from aiohttp->datasets) (6.0.4)
Requirement already satisfied: async-timeout<5.0,>=4.0.0a3 in /opt/conda/lib/python3.10/site-packages (from aiohttp->datasets) (4.0.3)
Requirement already satisfied: yarl<2.0,>=1.0 in /opt/conda/lib/python3.10/site-packages (from aiohttp->datasets) (1.9.2)
Requirement already satisfied: frozenlist>=1.1.1 in /opt/conda/lib/python3.10/site-packages (from aiohttp->datasets) (1.4.0)
Requirement already satisfied: aiosignal>=1.1.2 in /opt/conda/lib/python3.10/site-packages (from aiohttp->datasets) (1.3.1)
Requirement already satisfied: filelock in /opt/conda/lib/python3.10/site-packages (from huggingface-hub<1.0.0,>=0.14.0->datasets) (3.9.0)
Requirement already satisfied: typing-extensions>=3.7.4.3 in /opt/conda/lib/python3.10/site-packages (from huggingface-hub<1.0.0,>=0.14.0->datasets) (4.7.1)
Requirement already satisfied: idna<4,>=2.5 in /opt/conda/lib/python3.10/site-packages (from requests>=2.19.0->datasets) (3.4)
Requirement already satisfied: urllib3<3,>=1.21.1 in /opt/conda/lib/python3.10/site-packages (from requests>=2.19.0->datasets) (1.26.16)
Requirement already satisfied: certifi>=2017.4.17 in /opt/conda/lib/python3.10/site-packages (from requests>=2.19.0->datasets) (2023.7.22)
Requirement already satisfied: python-dateutil>=2.8.2 in /opt/conda/lib/python3.10/site-packages (from pandas->datasets) (2.8.2)
Requirement already satisfied: pytz>=2020.1 in /opt/conda/lib/python3.10/site-packages (from pandas->datasets) (2023.3.post1)
Requirement already satisfied: tzdata>=2022.1 in /opt/conda/lib/python3.10/site-packages (from pandas->datasets) (2023.3)
Requirement already satisfied: six>=1.5 in /opt/conda/lib/python3.10/site-packages (from python-dateutil>=2.8.2->pandas->datasets) (1.16.0)
[33mWARNING: Running pip as the 'root' user can result in broken permissions and conflicting behaviour with the system package manager. It is recommended to use a virtual environment instead: https://pip.pypa.io/warnings/venv[0m[33m
[0mRequirement already satisfied: scikit-learn in /opt/conda/lib/python3.10/site-packages (1.3.1)
Requirement already satisfied: numpy<2.0,>=1.17.3 in /opt/conda/lib/python3.10/site-packages (from scikit-learn) (1.26.0)
Requirement already satisfied: scipy>=1.5.0 in /opt/conda/lib/python3.10/site-packages (from scikit-learn) (1.11.3)
Requirement already satisfied: joblib>=1.1.1 in /opt/conda/lib/python3.10/site-packages (from scikit-learn) (1.3.2)
Requirement already satisfied: threadpoolctl>=2.0.0 in /opt/conda/lib/python3.10/site-packages (from scikit-learn) (3.2.0)
[33mWARNING: Running pip as the 'root' user can result in broken permissions and conflicting behaviour with the system package manager. It is recommended to use a virtual environment instead: https://pip.pypa.io/warnings/venv[0m[33m
[0mAutosaving every 5 seconds
cuda
Wed Oct 11 06:38:52 2023       
+---------------------------------------------------------------------------------------+
| NVIDIA-SMI 535.86.05              Driver Version: 535.86.05    CUDA Version: 12.2     |
|-----------------------------------------+----------------------+----------------------+
| GPU  Name                 Persistence-M | Bus-Id        Disp.A | Volatile Uncorr. ECC |
| Fan  Temp   Perf          Pwr:Usage/Cap |         Memory-Usage | GPU-Util  Compute M. |
|                                         |                      |               MIG M. |
|=========================================+======================+======================|
|   0  NVIDIA GeForce RTX 4090        On  | 00000000:B1:00.0 Off |                  Off |
|  0%   41C    P8              20W / 450W |    562MiB / 24564MiB |      0%      Default |
|                                         |                      |                  N/A |
+-----------------------------------------+----------------------+----------------------+
|   1  NVIDIA GeForce RTX 4090        On  | 00000000:B7:00.0 Off |                  Off |
|  0%   40C    P8              26W / 450W |      8MiB / 24564MiB |      0%      Default |
|                                         |                      |                  N/A |
+-----------------------------------------+----------------------+----------------------+
                                                                                         
+---------------------------------------------------------------------------------------+
| Processes:                                                                            |
|  GPU   GI   CI        PID   Type   Process name                            GPU Memory |
|        ID   ID                                                             Usage      |
|=======================================================================================|
+---------------------------------------------------------------------------------------+
Emotions:  [2. 1. 3. 0.]
Emotion ID:  [2. 1. 3. 0.]
Some weights of BertForSequenceClassification were not initialized from the model checkpoint at bert-base-uncased and are newly initialized: ['classifier.bias', 'classifier.weight']
You should probably TRAIN this model on a down-stream task to be able to use it for predictions and inference.
Some weights of BertForSequenceClassification were not initialized from the model checkpoint at bert-base-uncased and are newly initialized: ['classifier.bias', 'classifier.weight']
You should probably TRAIN this model on a down-stream task to be able to use it for predictions and inference.
Some weights of BertForSequenceClassification were not initialized from the model checkpoint at bert-base-uncased and are newly initialized: ['classifier.bias', 'classifier.weight']
You should probably TRAIN this model on a down-stream task to be able to use it for predictions and inference.
{'smp_id': 'Ses01F_impro01_F000', 'audio': tensor([[2.4378, 2.3565, 2.5659,  ..., 1.0695, 1.0695, 1.0695],
        [2.1738, 2.2319, 2.4788,  ..., 1.0695, 1.0695, 1.0695],
        [2.5063, 2.4647, 2.4717,  ..., 1.0695, 1.0695, 1.0695],
        ...,
        [1.2465, 1.2705, 1.1106,  ..., 1.0695, 1.0695, 1.0695],
        [1.2433, 1.0695, 1.0695,  ..., 1.0695, 1.0695, 1.0695],
        [1.2808, 1.0695, 1.0695,  ..., 1.0695, 1.0695, 1.0695]]), 'text': 'Excuse me.', 'emotion': 'neu', 'labels': 2.0}
Some weights of BertForSequenceClassification were not initialized from the model checkpoint at bert-base-uncased and are newly initialized: ['classifier.bias', 'classifier.weight']
You should probably TRAIN this model on a down-stream task to be able to use it for predictions and inference.
Some weights of BertForSequenceClassification were not initialized from the model checkpoint at bert-base-uncased and are newly initialized: ['classifier.bias', 'classifier.weight']
You should probably TRAIN this model on a down-stream task to be able to use it for predictions and inference.
{'smp_id': 'Ses01F_impro01_F000', 'audio': tensor([[2.4378, 2.3565, 2.5659,  ..., 1.0695, 1.0695, 1.0695],
        [2.1738, 2.2319, 2.4788,  ..., 1.0695, 1.0695, 1.0695],
        [2.5063, 2.4647, 2.4717,  ..., 1.0695, 1.0695, 1.0695],
        ...,
        [1.2465, 1.2705, 1.1106,  ..., 1.0695, 1.0695, 1.0695],
        [1.2433, 1.0695, 1.0695,  ..., 1.0695, 1.0695, 1.0695],
        [1.2808, 1.0695, 1.0695,  ..., 1.0695, 1.0695, 1.0695]]), 'text': 'Excuse me.', 'emotion': 'neu', 'labels': 2.0}
torch.Size([80, 3000])
{'smp_id': ['Ses01F_impro01_F000'], 'audio': tensor([[[2.4378, 2.3565, 2.5659,  ..., 1.0695, 1.0695, 1.0695],
         [2.1738, 2.2319, 2.4788,  ..., 1.0695, 1.0695, 1.0695],
         [2.5063, 2.4647, 2.4717,  ..., 1.0695, 1.0695, 1.0695],
         ...,
         [1.2465, 1.2705, 1.1106,  ..., 1.0695, 1.0695, 1.0695],
         [1.2433, 1.0695, 1.0695,  ..., 1.0695, 1.0695, 1.0695],
         [1.2808, 1.0695, 1.0695,  ..., 1.0695, 1.0695, 1.0695]]]), 'text': 0    Excuse me.
Name: transcript, dtype: object, 'emotion': 0    neu
Name: emotion, dtype: object, 'labels': 0    2.0
Name: emotion_id, dtype: float64}
torch.Size([1, 80, 3000])
Some weights of BertForSequenceClassification were not initialized from the model checkpoint at bert-base-uncased and are newly initialized: ['classifier.bias', 'classifier.weight']
You should probably TRAIN this model on a down-stream task to be able to use it for predictions and inference.
{'smp_id': ['Ses01F_impro01_F000'], 'audio': tensor([[[2.4378, 2.3565, 2.5659,  ..., 1.0695, 1.0695, 1.0695],
         [2.1738, 2.2319, 2.4788,  ..., 1.0695, 1.0695, 1.0695],
         [2.5063, 2.4647, 2.4717,  ..., 1.0695, 1.0695, 1.0695],
         ...,
         [1.2465, 1.2705, 1.1106,  ..., 1.0695, 1.0695, 1.0695],
         [1.2433, 1.0695, 1.0695,  ..., 1.0695, 1.0695, 1.0695],
         [1.2808, 1.0695, 1.0695,  ..., 1.0695, 1.0695, 1.0695]]]), 'text': 0    Excuse me.
Name: transcript, dtype: object, 'emotion': 0    neu
Name: emotion, dtype: object, 'labels': 0    2.0
Name: emotion_id, dtype: float64}
0    Excuse me.
Name: transcript, dtype: object
Some weights of BertForSequenceClassification were not initialized from the model checkpoint at bert-base-uncased and are newly initialized: ['classifier.bias', 'classifier.weight']
You should probably TRAIN this model on a down-stream task to be able to use it for predictions and inference.
{'smp_id': ['Ses01F_impro01_F000'], 'audio': tensor([[[2.4378, 2.3565, 2.5659,  ..., 1.0695, 1.0695, 1.0695],
         [2.1738, 2.2319, 2.4788,  ..., 1.0695, 1.0695, 1.0695],
         [2.5063, 2.4647, 2.4717,  ..., 1.0695, 1.0695, 1.0695],
         ...,
         [1.2465, 1.2705, 1.1106,  ..., 1.0695, 1.0695, 1.0695],
         [1.2433, 1.0695, 1.0695,  ..., 1.0695, 1.0695, 1.0695],
         [1.2808, 1.0695, 1.0695,  ..., 1.0695, 1.0695, 1.0695]]]), 'text': 0    Excuse me.
Name: transcript, dtype: object, 'emotion': 0    neu
Name: emotion, dtype: object, 'labels': 0    2.0
Name: emotion_id, dtype: float64}
['Excuse me.']
{'smp_id': ['Ses01F_impro01_F000', 'Ses01F_impro01_F001'], 'audio': tensor([[[2.4378, 2.3565, 2.5659,  ..., 1.0695, 1.0695, 1.0695],
         [2.1738, 2.2319, 2.4788,  ..., 1.0695, 1.0695, 1.0695],
         [2.5063, 2.4647, 2.4717,  ..., 1.0695, 1.0695, 1.0695],
         ...,
         [1.2465, 1.2705, 1.1106,  ..., 1.0695, 1.0695, 1.0695],
         [1.2433, 1.0695, 1.0695,  ..., 1.0695, 1.0695, 1.0695],
         [1.2808, 1.0695, 1.0695,  ..., 1.0695, 1.0695, 1.0695]],

        [[1.9225, 2.4323, 2.5210,  ..., 1.2277, 1.2277, 1.2277],
         [2.4659, 2.3168, 2.3801,  ..., 1.2277, 1.2277, 1.2277],
         [2.3234, 2.4185, 2.4709,  ..., 1.2277, 1.2277, 1.2277],
         ...,
         [1.4504, 1.2277, 1.2277,  ..., 1.2277, 1.2277, 1.2277],
         [1.3898, 1.2277, 1.2277,  ..., 1.2277, 1.2277, 1.2277],
         [1.3574, 1.2277, 1.2277,  ..., 1.2277, 1.2277, 1.2277]]]), 'text': 0    Excuse me.
1         Yeah.
Name: transcript, dtype: object, 'emotion': 0    neu
1    neu
Name: emotion, dtype: object, 'labels': 0    2.0
1    2.0
Name: emotion_id, dtype: float64}
['Excuse me.', 'Yeah.']
Some weights of BertForSequenceClassification were not initialized from the model checkpoint at bert-base-uncased and are newly initialized: ['classifier.bias', 'classifier.weight']
You should probably TRAIN this model on a down-stream task to be able to use it for predictions and inference.
{'smp_id': ['Ses01F_impro01_F000', 'Ses01F_impro01_F001'], 'audio': tensor([[[2.4378, 2.3565, 2.5659,  ..., 1.0695, 1.0695, 1.0695],
         [2.1738, 2.2319, 2.4788,  ..., 1.0695, 1.0695, 1.0695],
         [2.5063, 2.4647, 2.4717,  ..., 1.0695, 1.0695, 1.0695],
         ...,
         [1.2465, 1.2705, 1.1106,  ..., 1.0695, 1.0695, 1.0695],
         [1.2433, 1.0695, 1.0695,  ..., 1.0695, 1.0695, 1.0695],
         [1.2808, 1.0695, 1.0695,  ..., 1.0695, 1.0695, 1.0695]],

        [[1.9225, 2.4323, 2.5210,  ..., 1.2277, 1.2277, 1.2277],
         [2.4659, 2.3168, 2.3801,  ..., 1.2277, 1.2277, 1.2277],
         [2.3234, 2.4185, 2.4709,  ..., 1.2277, 1.2277, 1.2277],
         ...,
         [1.4504, 1.2277, 1.2277,  ..., 1.2277, 1.2277, 1.2277],
         [1.3898, 1.2277, 1.2277,  ..., 1.2277, 1.2277, 1.2277],
         [1.3574, 1.2277, 1.2277,  ..., 1.2277, 1.2277, 1.2277]]]), 'text': 0    Excuse me.
1         Yeah.
Name: transcript, dtype: object, 'emotion': 0    neu
1    neu
Name: emotion, dtype: object, 'labels': 0    2.0
1    2.0
Name: emotion_id, dtype: float64}
['Excuse me.', 'Yeah.']
Some weights of BertForSequenceClassification were not initialized from the model checkpoint at bert-base-uncased and are newly initialized: ['classifier.bias', 'classifier.weight']
You should probably TRAIN this model on a down-stream task to be able to use it for predictions and inference.
{'smp_id': ['Ses01F_impro01_F000', 'Ses01F_impro01_F001'], 'audio': tensor([[[2.4378, 2.3565, 2.5659,  ..., 1.0695, 1.0695, 1.0695],
         [2.1738, 2.2319, 2.4788,  ..., 1.0695, 1.0695, 1.0695],
         [2.5063, 2.4647, 2.4717,  ..., 1.0695, 1.0695, 1.0695],
         ...,
         [1.2465, 1.2705, 1.1106,  ..., 1.0695, 1.0695, 1.0695],
         [1.2433, 1.0695, 1.0695,  ..., 1.0695, 1.0695, 1.0695],
         [1.2808, 1.0695, 1.0695,  ..., 1.0695, 1.0695, 1.0695]],

        [[1.9225, 2.4323, 2.5210,  ..., 1.2277, 1.2277, 1.2277],
         [2.4659, 2.3168, 2.3801,  ..., 1.2277, 1.2277, 1.2277],
         [2.3234, 2.4185, 2.4709,  ..., 1.2277, 1.2277, 1.2277],
         ...,
         [1.4504, 1.2277, 1.2277,  ..., 1.2277, 1.2277, 1.2277],
         [1.3898, 1.2277, 1.2277,  ..., 1.2277, 1.2277, 1.2277],
         [1.3574, 1.2277, 1.2277,  ..., 1.2277, 1.2277, 1.2277]]]), 'text': 0    Excuse me.
1         Yeah.
Name: transcript, dtype: object, 'emotion': 0    neu
1    neu
Name: emotion, dtype: object, 'labels': 0    2.0
1    2.0
Name: emotion_id, dtype: float64}
['Excuse me.', 'Yeah.']
Some weights of BertForSequenceClassification were not initialized from the model checkpoint at bert-base-uncased and are newly initialized: ['classifier.bias', 'classifier.weight']
You should probably TRAIN this model on a down-stream task to be able to use it for predictions and inference.
Some weights of BertForSequenceClassification were not initialized from the model checkpoint at bert-base-uncased and are newly initialized: ['classifier.bias', 'classifier.weight']
You should probably TRAIN this model on a down-stream task to be able to use it for predictions and inference.
Some weights of BertForSequenceClassification were not initialized from the model checkpoint at bert-base-uncased and are newly initialized: ['classifier.bias', 'classifier.weight']
You should probably TRAIN this model on a down-stream task to be able to use it for predictions and inference.
SequenceClassifierOutput(loss=None, logits=tensor([[-0.8702, -0.3466, -0.6748,  ..., -0.4214, -0.6993,  0.9032],
        [-0.9339, -0.3143, -0.8650,  ..., -0.8239, -0.6126,  0.9323]],
       device='cuda:0', grad_fn=<TanhBackward0>), hidden_states=None, attentions=None)
Some weights of BertForSequenceClassification were not initialized from the model checkpoint at bert-base-uncased and are newly initialized: ['classifier.bias', 'classifier.weight']
You should probably TRAIN this model on a down-stream task to be able to use it for predictions and inference.
Some weights of BertForSequenceClassification were not initialized from the model checkpoint at bert-base-uncased and are newly initialized: ['classifier.bias', 'classifier.weight']
You should probably TRAIN this model on a down-stream task to be able to use it for predictions and inference.
Some weights of BertForSequenceClassification were not initialized from the model checkpoint at bert-base-uncased and are newly initialized: ['classifier.bias', 'classifier.weight']
You should probably TRAIN this model on a down-stream task to be able to use it for predictions and inference.
Some weights of BertForSequenceClassification were not initialized from the model checkpoint at bert-base-uncased and are newly initialized: ['classifier.bias', 'classifier.weight']
You should probably TRAIN this model on a down-stream task to be able to use it for predictions and inference.
Some weights of BertForSequenceClassification were not initialized from the model checkpoint at bert-base-uncased and are newly initialized: ['classifier.bias', 'classifier.weight']
You should probably TRAIN this model on a down-stream task to be able to use it for predictions and inference.
torch.Size([2, 256])
torch.Size([2, 768])
torch.Size([2, 1024])
Some weights of BertForSequenceClassification were not initialized from the model checkpoint at bert-base-uncased and are newly initialized: ['classifier.bias', 'classifier.weight']
You should probably TRAIN this model on a down-stream task to be able to use it for predictions and inference.
torch.Size([2, 256])
torch.Size([2, 768])
torch.Size([2, 1024])
Some weights of BertForSequenceClassification were not initialized from the model checkpoint at bert-base-uncased and are newly initialized: ['classifier.bias', 'classifier.weight']
You should probably TRAIN this model on a down-stream task to be able to use it for predictions and inference.
Some weights of BertForSequenceClassification were not initialized from the model checkpoint at bert-base-uncased and are newly initialized: ['classifier.bias', 'classifier.weight']
You should probably TRAIN this model on a down-stream task to be able to use it for predictions and inference.
Some weights of BertForSequenceClassification were not initialized from the model checkpoint at bert-base-uncased and are newly initialized: ['classifier.bias', 'classifier.weight']
You should probably TRAIN this model on a down-stream task to be able to use it for predictions and inference.
tensor([[[2.5279, 2.1647, 2.1782,  ..., 0.9662, 0.9662, 0.9662],
         [2.2607, 2.4625, 2.4276,  ..., 0.9662, 0.9662, 0.9662],
         [2.6393, 2.5593, 2.4856,  ..., 0.9662, 0.9662, 0.9662],
         ...,
         [1.4347, 0.9917, 0.9662,  ..., 0.9662, 0.9662, 0.9662],
         [1.4525, 0.9811, 0.9662,  ..., 0.9662, 0.9662, 0.9662],
         [1.4453, 0.9719, 0.9662,  ..., 0.9662, 0.9662, 0.9662]],

        [[2.6517, 2.4669, 2.3966,  ..., 1.3662, 1.3662, 1.3662],
         [2.5529, 2.3150, 2.1597,  ..., 1.3662, 1.3662, 1.3662],
         [2.5100, 2.2388, 2.2491,  ..., 1.3662, 1.3662, 1.3662],
         ...,
         [1.3662, 1.3662, 1.3662,  ..., 1.3662, 1.3662, 1.3662],
         [1.3662, 1.3662, 1.3662,  ..., 1.3662, 1.3662, 1.3662],
         [1.3662, 1.3662, 1.3662,  ..., 1.3662, 1.3662, 1.3662]],

        [[2.5187, 2.3590, 2.1990,  ..., 1.2250, 1.2250, 1.2250],
         [2.5070, 2.3969, 2.3697,  ..., 1.2250, 1.2250, 1.2250],
         [2.3894, 2.2387, 2.2849,  ..., 1.2250, 1.2250, 1.2250],
         ...,
         [1.8723, 1.6166, 1.6407,  ..., 1.2250, 1.2250, 1.2250],
         [1.8566, 1.4453, 1.3594,  ..., 1.2250, 1.2250, 1.2250],
         [1.8297, 1.3232, 1.2250,  ..., 1.2250, 1.2250, 1.2250]],

        ...,

        [[2.2069, 2.2237, 2.3140,  ..., 1.2865, 1.2865, 1.2865],
         [2.2010, 2.2940, 2.1336,  ..., 1.2865, 1.2865, 1.2865],
         [2.0556, 2.2289, 2.0836,  ..., 1.2865, 1.2865, 1.2865],
         ...,
         [1.3113, 1.2865, 1.2865,  ..., 1.2865, 1.2865, 1.2865],
         [1.2891, 1.2865, 1.2865,  ..., 1.2865, 1.2865, 1.2865],
         [1.2865, 1.2865, 1.2865,  ..., 1.2865, 1.2865, 1.2865]],

        [[2.7004, 2.5998, 2.6771,  ..., 1.6643, 1.6643, 1.6643],
         [2.5658, 2.3310, 2.5614,  ..., 1.6643, 1.6643, 1.6643],
         [2.3465, 2.4794, 2.4052,  ..., 1.6643, 1.6643, 1.6643],
         ...,
         [1.6643, 1.6643, 1.6643,  ..., 1.6643, 1.6643, 1.6643],
         [1.6643, 1.6643, 1.6643,  ..., 1.6643, 1.6643, 1.6643],
         [1.6643, 1.6643, 1.6643,  ..., 1.6643, 1.6643, 1.6643]],

        [[2.4689, 2.5946, 2.5357,  ..., 1.1213, 1.1213, 1.1213],
         [2.4581, 2.4601, 2.3717,  ..., 1.1213, 1.1213, 1.1213],
         [2.5168, 2.3377, 2.2456,  ..., 1.1213, 1.1213, 1.1213],
         ...,
         [1.2625, 1.1213, 1.1213,  ..., 1.1213, 1.1213, 1.1213],
         [1.1991, 1.1213, 1.1213,  ..., 1.1213, 1.1213, 1.1213],
         [1.1741, 1.1213, 1.1213,  ..., 1.1213, 1.1213, 1.1213]]],
       device='cuda:0')
tensor([[[1.5384, 1.9918, 2.1664,  ..., 1.1119, 1.1119, 1.1119],
         [1.6140, 2.0606, 1.9777,  ..., 1.1119, 1.1119, 1.1119],
         [1.9772, 2.2860, 2.3184,  ..., 1.1119, 1.1119, 1.1119],
         ...,
         [1.1119, 1.1119, 1.1119,  ..., 1.1119, 1.1119, 1.1119],
         [1.1119, 1.1119, 1.1119,  ..., 1.1119, 1.1119, 1.1119],
         [1.1119, 1.1119, 1.1119,  ..., 1.1119, 1.1119, 1.1119]],

        [[2.3009, 2.1227, 2.3272,  ..., 1.0192, 1.0192, 1.0192],
         [2.3738, 2.2834, 2.3332,  ..., 1.0192, 1.0192, 1.0192],
         [2.3842, 2.2389, 2.1490,  ..., 1.0192, 1.0192, 1.0192],
         ...,
         [1.0192, 1.0192, 1.0192,  ..., 1.0192, 1.0192, 1.0192],
         [1.0192, 1.0192, 1.0192,  ..., 1.0192, 1.0192, 1.0192],
         [1.0192, 1.0192, 1.0192,  ..., 1.0192, 1.0192, 1.0192]],

        [[2.0785, 2.0375, 2.1465,  ..., 1.1488, 1.1488, 1.1488],
         [2.2510, 2.2031, 2.2578,  ..., 1.1488, 1.1488, 1.1488],
         [2.1578, 2.0826, 2.2281,  ..., 1.1488, 1.1488, 1.1488],
         ...,
         [1.1488, 1.1488, 1.1488,  ..., 1.1488, 1.1488, 1.1488],
         [1.1488, 1.1488, 1.1488,  ..., 1.1488, 1.1488, 1.1488],
         [1.1488, 1.1488, 1.1488,  ..., 1.1488, 1.1488, 1.1488]],

        ...,

        [[2.4548, 2.2615, 2.5549,  ..., 1.5104, 1.5104, 1.5104],
         [2.2502, 2.2078, 2.4800,  ..., 1.5104, 1.5104, 1.5104],
         [2.0507, 2.2726, 2.3132,  ..., 1.5104, 1.5104, 1.5104],
         ...,
         [1.5104, 1.5104, 1.5104,  ..., 1.5104, 1.5104, 1.5104],
         [1.5104, 1.5104, 1.5104,  ..., 1.5104, 1.5104, 1.5104],
         [1.5104, 1.5104, 1.5104,  ..., 1.5104, 1.5104, 1.5104]],

        [[2.2506, 2.3677, 2.2693,  ..., 1.2455, 1.2455, 1.2455],
         [2.4280, 2.4151, 2.2687,  ..., 1.2455, 1.2455, 1.2455],
         [2.3133, 2.3307, 2.2339,  ..., 1.2455, 1.2455, 1.2455],
         ...,
         [1.2455, 1.2455, 1.2455,  ..., 1.2455, 1.2455, 1.2455],
         [1.2455, 1.2455, 1.2455,  ..., 1.2455, 1.2455, 1.2455],
         [1.2455, 1.2455, 1.2455,  ..., 1.2455, 1.2455, 1.2455]],

        [[1.8476, 2.1114, 2.0395,  ..., 1.1468, 1.1468, 1.1468],
         [2.0015, 2.0709, 2.2704,  ..., 1.1468, 1.1468, 1.1468],
         [2.1461, 2.0136, 2.3332,  ..., 1.1468, 1.1468, 1.1468],
         ...,
         [1.1468, 1.1468, 1.1468,  ..., 1.1468, 1.1468, 1.1468],
         [1.1468, 1.1468, 1.1468,  ..., 1.1468, 1.1468, 1.1468],
         [1.1468, 1.1468, 1.1468,  ..., 1.1468, 1.1468, 1.1468]]],
       device='cuda:1')
Some weights of BertForSequenceClassification were not initialized from the model checkpoint at bert-base-uncased and are newly initialized: ['classifier.bias', 'classifier.weight']
You should probably TRAIN this model on a down-stream task to be able to use it for predictions and inference.
